c:\users\nagabe\desktop\sampleenclave\app\x64\debug\vc141.pdb
c:\users\nagabe\desktop\sampleenclave\app\x64\debug\vc141.idb
c:\users\nagabe\desktop\sampleenclave\app\x64\debug\app.obj
c:\users\nagabe\desktop\sampleenclave\app\x64\debug\arrays.obj
c:\users\nagabe\desktop\sampleenclave\app\x64\debug\functions.obj
c:\users\nagabe\desktop\sampleenclave\app\x64\debug\pointers.obj
c:\users\nagabe\desktop\sampleenclave\app\x64\debug\types.obj
c:\users\nagabe\desktop\sampleenclave\app\x64\debug\libc.obj
c:\users\nagabe\desktop\sampleenclave\app\x64\debug\libcxx.obj
c:\users\nagabe\desktop\sampleenclave\app\x64\debug\thread.obj
c:\users\nagabe\desktop\sampleenclave\app\x64\debug\enclave_u.obj
c:\users\nagabe\desktop\sampleenclave\app\enclave_u.h
c:\users\nagabe\desktop\sampleenclave\app\enclave_u.c
c:\users\nagabe\desktop\sampleenclave\x64\debug\app.ilk
c:\users\nagabe\desktop\sampleenclave\x64\debug\app.exe
c:\users\nagabe\desktop\sampleenclave\x64\debug\app.pdb
c:\users\nagabe\desktop\sampleenclave\app\x64\debug\app.tlog\cl.command.1.tlog
c:\users\nagabe\desktop\sampleenclave\app\x64\debug\app.tlog\cl.read.1.tlog
c:\users\nagabe\desktop\sampleenclave\app\x64\debug\app.tlog\cl.write.1.tlog
c:\users\nagabe\desktop\sampleenclave\app\x64\debug\app.tlog\custombuild.command.1.tlog
c:\users\nagabe\desktop\sampleenclave\app\x64\debug\app.tlog\custombuild.read.1.tlog
c:\users\nagabe\desktop\sampleenclave\app\x64\debug\app.tlog\custombuild.write.1.tlog
c:\users\nagabe\desktop\sampleenclave\app\x64\debug\app.tlog\link.command.1.tlog
c:\users\nagabe\desktop\sampleenclave\app\x64\debug\app.tlog\link.read.1.tlog
c:\users\nagabe\desktop\sampleenclave\app\x64\debug\app.tlog\link.write.1.tlog
