c:\users\nagabe\desktop\sampleenclave\app\simulation\vc141.pdb
c:\users\nagabe\desktop\sampleenclave\app\simulation\vc141.idb
c:\users\nagabe\desktop\sampleenclave\app\simulation\app.obj
c:\users\nagabe\desktop\sampleenclave\app\simulation\arrays.obj
c:\users\nagabe\desktop\sampleenclave\app\simulation\functions.obj
c:\users\nagabe\desktop\sampleenclave\app\simulation\pointers.obj
c:\users\nagabe\desktop\sampleenclave\app\simulation\types.obj
c:\users\nagabe\desktop\sampleenclave\app\simulation\libcxx.obj
c:\users\nagabe\desktop\sampleenclave\app\simulation\thread.obj
c:\users\nagabe\desktop\sampleenclave\app\simulation\libc.obj
c:\users\nagabe\desktop\sampleenclave\app\simulation\enclave_u.obj
c:\work\xenakis\sampleenclave\app\simulation\vc141.pdb
c:\work\xenakis\sampleenclave\app\simulation\vc141.idb
c:\work\xenakis\sampleenclave\app\simulation\app.obj
c:\work\xenakis\sampleenclave\app\simulation\arrays.obj
c:\work\xenakis\sampleenclave\app\simulation\functions.obj
c:\work\xenakis\sampleenclave\app\simulation\pointers.obj
c:\work\xenakis\sampleenclave\app\simulation\types.obj
c:\work\xenakis\sampleenclave\app\simulation\libc.obj
c:\work\xenakis\sampleenclave\app\simulation\libcxx.obj
c:\work\xenakis\sampleenclave\app\simulation\thread.obj
c:\work\xenakis\sampleenclave\app\simulation\enclave_u.obj
c:\users\nagabe\desktop\sampleenclave\app\enclave_u.h
c:\users\nagabe\desktop\sampleenclave\app\enclave_u.c
c:\work\xenakis\sampleenclave\app\enclave_u.h
c:\work\xenakis\sampleenclave\app\enclave_u.c
c:\users\nagabe\desktop\sampleenclave\simulation\app.exe
c:\users\nagabe\desktop\sampleenclave\simulation\app.ilk
c:\users\nagabe\desktop\sampleenclave\simulation\app.pdb
c:\work\xenakis\sampleenclave\simulation\app.exe
c:\work\xenakis\sampleenclave\simulation\app.ilk
c:\work\xenakis\sampleenclave\simulation\app.pdb
c:\work\xenakis\sampleenclave\app\simulation\app.vcxprojresolveassemblyreference.cache
c:\work\xenakis\sampleenclave\app\simulation\app.tlog\cl.command.1.tlog
c:\work\xenakis\sampleenclave\app\simulation\app.tlog\cl.read.1.tlog
c:\work\xenakis\sampleenclave\app\simulation\app.tlog\cl.write.1.tlog
c:\work\xenakis\sampleenclave\app\simulation\app.tlog\custombuild.command.1.tlog
c:\work\xenakis\sampleenclave\app\simulation\app.tlog\custombuild.read.1.tlog
c:\work\xenakis\sampleenclave\app\simulation\app.tlog\custombuild.write.1.tlog
c:\work\xenakis\sampleenclave\app\simulation\app.tlog\link.command.1.tlog
c:\work\xenakis\sampleenclave\app\simulation\app.tlog\link.read.1.tlog
c:\work\xenakis\sampleenclave\app\simulation\app.tlog\link.write.1.tlog
