c:\users\nagabe\desktop\sampleenclave\enclave\simulation\vc141.pdb
c:\users\nagabe\desktop\sampleenclave\enclave\simulation\thread.obj
c:\users\nagabe\desktop\sampleenclave\enclave\simulation\libcxx.obj
c:\users\nagabe\desktop\sampleenclave\enclave\simulation\libc.obj
c:\users\nagabe\desktop\sampleenclave\enclave\simulation\enclave.obj
c:\users\nagabe\desktop\sampleenclave\enclave\simulation\types.obj
c:\users\nagabe\desktop\sampleenclave\enclave\simulation\pointers.obj
c:\users\nagabe\desktop\sampleenclave\enclave\simulation\functions.obj
c:\users\nagabe\desktop\sampleenclave\enclave\simulation\arrays.obj
c:\users\nagabe\desktop\sampleenclave\enclave\simulation\enclave_t.obj
c:\work\xenakis\sampleenclave\enclave\simulation\vc141.pdb
c:\work\xenakis\sampleenclave\enclave\simulation\thread.obj
c:\work\xenakis\sampleenclave\enclave\simulation\libcxx.obj
c:\work\xenakis\sampleenclave\enclave\simulation\libc.obj
c:\work\xenakis\sampleenclave\enclave\simulation\enclave.obj
c:\work\xenakis\sampleenclave\enclave\simulation\types.obj
c:\work\xenakis\sampleenclave\enclave\simulation\pointers.obj
c:\work\xenakis\sampleenclave\enclave\simulation\functions.obj
c:\work\xenakis\sampleenclave\enclave\simulation\arrays.obj
c:\work\xenakis\sampleenclave\enclave\simulation\enclave_t.obj
c:\users\nagabe\desktop\sampleenclave\enclave\enclave_t.h
c:\users\nagabe\desktop\sampleenclave\enclave\enclave_t.c
c:\work\xenakis\sampleenclave\enclave\enclave_t.h
c:\work\xenakis\sampleenclave\enclave\enclave_t.c
c:\users\nagabe\desktop\sampleenclave\simulation\enclave.lib
c:\users\nagabe\desktop\sampleenclave\simulation\enclave.exp
c:\work\xenakis\sampleenclave\simulation\enclave.lib
c:\work\xenakis\sampleenclave\simulation\enclave.exp
c:\users\nagabe\desktop\sampleenclave\simulation\enclave.ilk
c:\users\nagabe\desktop\sampleenclave\simulation\enclave.dll
c:\users\nagabe\desktop\sampleenclave\simulation\enclave.pdb
c:\work\xenakis\sampleenclave\simulation\enclave.dll
c:\work\xenakis\sampleenclave\simulation\enclave.ilk
c:\work\xenakis\sampleenclave\simulation\enclave.pdb
c:\work\xenakis\sampleenclave\enclave\simulation\enclave.tlog\cl.command.1.tlog
c:\work\xenakis\sampleenclave\enclave\simulation\enclave.tlog\cl.read.1.tlog
c:\work\xenakis\sampleenclave\enclave\simulation\enclave.tlog\cl.write.1.tlog
c:\work\xenakis\sampleenclave\enclave\simulation\enclave.tlog\custombuild.command.1.tlog
c:\work\xenakis\sampleenclave\enclave\simulation\enclave.tlog\custombuild.read.1.tlog
c:\work\xenakis\sampleenclave\enclave\simulation\enclave.tlog\custombuild.write.1.tlog
c:\work\xenakis\sampleenclave\enclave\simulation\enclave.tlog\enclave.write.1u.tlog
c:\work\xenakis\sampleenclave\enclave\simulation\enclave.tlog\link.command.1.tlog
c:\work\xenakis\sampleenclave\enclave\simulation\enclave.tlog\link.read.1.tlog
c:\work\xenakis\sampleenclave\enclave\simulation\enclave.tlog\link.write.1.tlog
